Using pre-set license
Built from '2020.3/staging' branch; Version is '2020.3.4f1 (0abb6314276a) revision 703331'; Using compiler version '192528614'; Build Type 'Release'
OS: 'Windows 10 Home; OS build 19042.1415; Version 2009; 64bit' Language: 'en' Physical Memory: 40352 MB
BatchMode: 1, IsHumanControllingUs: 0, StartBugReporterOnCrash: 0, Is64bit: 1, IsPro: 0

 COMMAND LINE ARGUMENTS:
C:\Program Files\Unity\Hub\Editor\2020.3.4f1\Editor\Unity.exe
-adb2
-batchMode
-noUpm
-name
AssetImportWorker0
-projectPath
C:/Users/User/Desktop/Spatial Uploads/Novel Clothing/Novel-Clothing-Sim
-logFile
Logs/AssetImportWorker0.log
-srvPort
50293
Successfully changed project path to: C:/Users/User/Desktop/Spatial Uploads/Novel Clothing/Novel-Clothing-Sim
C:/Users/User/Desktop/Spatial Uploads/Novel Clothing/Novel-Clothing-Sim
Using Asset Import Pipeline V2.
Refreshing native plugins compatible for Editor in 23.63 ms, found 0 plugins.
Preloading 0 native plugins for Editor in 0.00 ms.
Initialize engine version: 2020.3.4f1 (0abb6314276a)
[Subsystems] Discovering subsystems at path C:/Program Files/Unity/Hub/Editor/2020.3.4f1/Editor/Data/Resources/UnitySubsystems
[Subsystems] Discovering subsystems at path C:/Users/User/Desktop/Spatial Uploads/Novel Clothing/Novel-Clothing-Sim/Assets
GfxDevice: creating device client; threaded=0
Direct3D:
    Version:  Direct3D 11.0 [level 11.1]
    Renderer: NVIDIA GeForce RTX 3070 Laptop GPU (ID=0x249d)
    Vendor:   
    VRAM:     8044 MB
    Driver:   30.0.14.9676
Initialize mono
Mono path[0] = 'C:/Program Files/Unity/Hub/Editor/2020.3.4f1/Editor/Data/Managed'
Mono path[1] = 'C:/Program Files/Unity/Hub/Editor/2020.3.4f1/Editor/Data/MonoBleedingEdge/lib/mono/unityjit'
Mono config path = 'C:/Program Files/Unity/Hub/Editor/2020.3.4f1/Editor/Data/MonoBleedingEdge/etc'
Using monoOptions --debugger-agent=transport=dt_socket,embedding=1,server=y,suspend=n,address=127.0.0.1:56596
Begin MonoManager ReloadAssembly
Registering precompiled unity dll's ...
Register platform support module: C:/Program Files/Unity/Hub/Editor/2020.3.4f1/Editor/Data/PlaybackEngines/MacStandaloneSupport/UnityEditor.OSXStandalone.Extensions.dll
Register platform support module: C:/Program Files/Unity/Hub/Editor/2020.3.4f1/Editor/Data/PlaybackEngines/WindowsStandaloneSupport/UnityEditor.WindowsStandalone.Extensions.dll
Registered in 0.002209 seconds.
Native extension for WindowsStandalone target not found
Native extension for OSXStandalone target not found
Refreshing native plugins compatible for Editor in 23.25 ms, found 0 plugins.
Preloading 0 native plugins for Editor in 0.00 ms.
Mono: successfully reloaded assembly
- Completed reload, in  1.022 seconds
Platform modules already initialized, skipping
Registering precompiled user dll's ...
Registered in 0.000633 seconds.
Begin MonoManager ReloadAssembly
Native extension for WindowsStandalone target not found
Native extension for OSXStandalone target not found
Refreshing native plugins compatible for Editor in 0.33 ms, found 0 plugins.
Preloading 0 native plugins for Editor in 0.00 ms.
Mono: successfully reloaded assembly
- Completed reload, in  0.735 seconds
Platform modules already initialized, skipping
========================================================================
Worker process is ready to serve import requests
Launched and connected shader compiler UnityShaderCompiler.exe after 0.09 seconds
Refreshing native plugins compatible for Editor in 0.24 ms, found 0 plugins.
Preloading 0 native plugins for Editor in 0.00 ms.
Unloading 1119 Unused Serialized files (Serialized files now loaded: 0)
System memory in use before: 57.2 MB.
System memory in use after: 57.2 MB.

Unloading 9 unused Assets to reduce memory usage. Loaded Objects now: 1562.
Total: 1.661400 ms (FindLiveObjects: 0.157000 ms CreateObjectMapping: 0.031500 ms MarkObjects: 1.414800 ms  DeleteObjects: 0.057400 ms)

========================================================================
Received Import Request.
  path: Assets/Prefabs
  artifactKey: Guid(eb9efd5ab043967488908863e2659f6d) Importer(815301076,1909f56bfc062723c751e8b465ee728b)
Start importing Assets/Prefabs using Guid(eb9efd5ab043967488908863e2659f6d) Importer(815301076,1909f56bfc062723c751e8b465ee728b)  -> (artifact id: '03d23f29d07f6b544c14b0e709820fcb') in 0.010963 seconds
  Import took 0.012859 seconds .

========================================================================
Received Import Request.
  Time since last request: 0.000162 seconds.
  path: Assets/Prefabs/Sphere.prefab
  artifactKey: Guid(fb74bc118e8ab9a43a92362539f332de) Importer(815301076,1909f56bfc062723c751e8b465ee728b)
Start importing Assets/Prefabs/Sphere.prefab using Guid(fb74bc118e8ab9a43a92362539f332de) Importer(815301076,1909f56bfc062723c751e8b465ee728b)  -> (artifact id: '7f71ea0332fea06e7dee7571a13e30b9') in 0.296988 seconds
  Import took 0.298749 seconds .

========================================================================
Received Import Request.
  Time since last request: 0.000176 seconds.
  path: Assets/Prefabs/Cube - PointMass.prefab
  artifactKey: Guid(aebd296ef7c2a8044a7d80e079649cf9) Importer(815301076,1909f56bfc062723c751e8b465ee728b)
Start importing Assets/Prefabs/Cube - PointMass.prefab using Guid(aebd296ef7c2a8044a7d80e079649cf9) Importer(815301076,1909f56bfc062723c751e8b465ee728b)  -> (artifact id: '7aa8fe9fec31d5b0e7eae3673461cf39') in 0.011174 seconds
  Import took 0.012923 seconds .

========================================================================
Received Import Request.
  Time since last request: 0.000167 seconds.
  path: Assets/Prefabs/PointMass.prefab
  artifactKey: Guid(04813c3bf6e0d8746a7c645e035e3d0e) Importer(815301076,1909f56bfc062723c751e8b465ee728b)
Start importing Assets/Prefabs/PointMass.prefab using Guid(04813c3bf6e0d8746a7c645e035e3d0e) Importer(815301076,1909f56bfc062723c751e8b465ee728b)  -> (artifact id: 'ac9599249b03ceb0399cd066e7fa50b9') in 0.010508 seconds
  Import took 0.012492 seconds .

========================================================================
Received Import Request.
  Time since last request: 0.000168 seconds.
  path: Assets/Prefabs/Link 12.prefab
  artifactKey: Guid(5844a70787573294aaa9da096f839b33) Importer(815301076,1909f56bfc062723c751e8b465ee728b)
Start importing Assets/Prefabs/Link 12.prefab using Guid(5844a70787573294aaa9da096f839b33) Importer(815301076,1909f56bfc062723c751e8b465ee728b)  -> (artifact id: '9cc038679759d5d1550f55eb16e0a102') in 0.007117 seconds
  Import took 0.009121 seconds .

AssetImportWorkerClient::OnTransportError - code=2 error=End of file
